<?xml version="1.0" encoding="UTF-8"?>
<testsuite xmlns:xsi="http://www.w3.org/2001/XMLSchema-instance" xsi:noNamespaceSchemaLocation="https://maven.apache.org/surefire/maven-surefire-plugin/xsd/surefire-test-report.xsd" name="Automation.AppTest" time="0.05" tests="1" errors="0" skipped="0" failures="0">
  <properties>
    <property name="sun.desktop" value="windows"/>
    <property name="awt.toolkit" value="sun.awt.windows.WToolkit"/>
    <property name="java.specification.version" value="12"/>
    <property name="sun.cpu.isalist" value="amd64"/>
    <property name="sun.jnu.encoding" value="Cp1251"/>
    <property name="java.class.path" value="C:\Users\Gint\IdeaProjects\Cucumber\target\test-classes;C:\Users\Gint\IdeaProjects\Cucumber\target\classes;C:\Users\Gint\.m2\repository\junit\junit\4.11\junit-4.11.jar;C:\Users\Gint\.m2\repository\org\hamcrest\hamcrest-core\1.3\hamcrest-core-1.3.jar;C:\Users\Gint\.m2\repository\io\cucumber\cucumber-java\6.6.1\cucumber-java-6.6.1.jar;C:\Users\Gint\.m2\repository\io\cucumber\cucumber-core\6.6.1\cucumber-core-6.6.1.jar;C:\Users\Gint\.m2\repository\io\cucumber\cucumber-gherkin\6.6.1\cucumber-gherkin-6.6.1.jar;C:\Users\Gint\.m2\repository\io\cucumber\cucumber-gherkin-messages\6.6.1\cucumber-gherkin-messages-6.6.1.jar;C:\Users\Gint\.m2\repository\io\cucumber\messages\13.0.1\messages-13.0.1.jar;C:\Users\Gint\.m2\repository\io\cucumber\tag-expressions\3.0.0\tag-expressions-3.0.0.jar;C:\Users\Gint\.m2\repository\io\cucumber\cucumber-expressions\10.3.0\cucumber-expressions-10.3.0.jar;C:\Users\Gint\.m2\repository\io\cucumber\datatable\3.4.0\datatable-3.4.0.jar;C:\Users\Gint\.m2\repository\io\cucumber\cucumber-plugin\6.6.1\cucumber-plugin-6.6.1.jar;C:\Users\Gint\.m2\repository\io\cucumber\docstring\6.6.1\docstring-6.6.1.jar;C:\Users\Gint\.m2\repository\io\cucumber\html-formatter\9.0.0\html-formatter-9.0.0.jar;C:\Users\Gint\.m2\repository\io\cucumber\create-meta\2.0.2\create-meta-2.0.2.jar;C:\Users\Gint\.m2\repository\org\apiguardian\apiguardian-api\1.1.0\apiguardian-api-1.1.0.jar;C:\Users\Gint\.m2\repository\io\cucumber\cucumber-junit\6.6.1\cucumber-junit-6.6.1.jar;"/>
    <property name="java.vm.vendor" value="Oracle Corporation"/>
    <property name="sun.arch.data.model" value="64"/>
    <property name="user.variant" value=""/>
    <property name="java.vendor.url" value="https://java.oracle.com/"/>
    <property name="user.timezone" value="Europe/London"/>
    <property name="os.name" value="Windows 7"/>
    <property name="java.vm.specification.version" value="12"/>
    <property name="sun.java.launcher" value="SUN_STANDARD"/>
    <property name="user.country" value="RU"/>
    <property name="sun.boot.library.path" value="C:\Program Files\Java\jdk-12\bin"/>
    <property name="sun.java.command" value="C:\Users\Gint\AppData\Local\Temp\surefire8430222217409980267\surefirebooter17130428330007203369.jar C:\Users\Gint\AppData\Local\Temp\surefire8430222217409980267 2020-09-15T17-27-06_858-jvmRun1 surefire14817837596875057623tmp surefire_04533765648602206813tmp"/>
    <property name="jdk.debug" value="release"/>
    <property name="surefire.test.class.path" value="C:\Users\Gint\IdeaProjects\Cucumber\target\test-classes;C:\Users\Gint\IdeaProjects\Cucumber\target\classes;C:\Users\Gint\.m2\repository\junit\junit\4.11\junit-4.11.jar;C:\Users\Gint\.m2\repository\org\hamcrest\hamcrest-core\1.3\hamcrest-core-1.3.jar;C:\Users\Gint\.m2\repository\io\cucumber\cucumber-java\6.6.1\cucumber-java-6.6.1.jar;C:\Users\Gint\.m2\repository\io\cucumber\cucumber-core\6.6.1\cucumber-core-6.6.1.jar;C:\Users\Gint\.m2\repository\io\cucumber\cucumber-gherkin\6.6.1\cucumber-gherkin-6.6.1.jar;C:\Users\Gint\.m2\repository\io\cucumber\cucumber-gherkin-messages\6.6.1\cucumber-gherkin-messages-6.6.1.jar;C:\Users\Gint\.m2\repository\io\cucumber\messages\13.0.1\messages-13.0.1.jar;C:\Users\Gint\.m2\repository\io\cucumber\tag-expressions\3.0.0\tag-expressions-3.0.0.jar;C:\Users\Gint\.m2\repository\io\cucumber\cucumber-expressions\10.3.0\cucumber-expressions-10.3.0.jar;C:\Users\Gint\.m2\repository\io\cucumber\datatable\3.4.0\datatable-3.4.0.jar;C:\Users\Gint\.m2\repository\io\cucumber\cucumber-plugin\6.6.1\cucumber-plugin-6.6.1.jar;C:\Users\Gint\.m2\repository\io\cucumber\docstring\6.6.1\docstring-6.6.1.jar;C:\Users\Gint\.m2\repository\io\cucumber\html-formatter\9.0.0\html-formatter-9.0.0.jar;C:\Users\Gint\.m2\repository\io\cucumber\create-meta\2.0.2\create-meta-2.0.2.jar;C:\Users\Gint\.m2\repository\org\apiguardian\apiguardian-api\1.1.0\apiguardian-api-1.1.0.jar;C:\Users\Gint\.m2\repository\io\cucumber\cucumber-junit\6.6.1\cucumber-junit-6.6.1.jar;"/>
    <property name="sun.cpu.endian" value="little"/>
    <property name="user.home" value="C:\Users\Gint"/>
    <property name="user.language" value="ru"/>
    <property name="java.specification.vendor" value="Oracle Corporation"/>
    <property name="java.version.date" value="2019-03-19"/>
    <property name="java.home" value="C:\Program Files\Java\jdk-12"/>
    <property name="file.separator" value="\"/>
    <property name="basedir" value="C:\Users\Gint\IdeaProjects\Cucumber"/>
    <property name="java.vm.compressedOopsMode" value="32-bit"/>
    <property name="line.separator" value="&#10;"/>
    <property name="java.vm.specification.vendor" value="Oracle Corporation"/>
    <property name="java.specification.name" value="Java Platform API Specification"/>
    <property name="java.awt.graphicsenv" value="sun.awt.Win32GraphicsEnvironment"/>
    <property name="surefire.real.class.path" value="C:\Users\Gint\AppData\Local\Temp\surefire8430222217409980267\surefirebooter17130428330007203369.jar"/>
    <property name="user.script" value=""/>
    <property name="sun.management.compiler" value="HotSpot 64-Bit Tiered Compilers"/>
    <property name="java.runtime.version" value="12+33"/>
    <property name="user.name" value="Gint"/>
    <property name="path.separator" value=";"/>
    <property name="os.version" value="6.1"/>
    <property name="java.runtime.name" value="Java(TM) SE Runtime Environment"/>
    <property name="file.encoding" value="Cp1251"/>
    <property name="java.vm.name" value="Java HotSpot(TM) 64-Bit Server VM"/>
    <property name="localRepository" value="C:\Users\Gint\.m2\repository"/>
    <property name="java.vendor.url.bug" value="https://bugreport.java.com/bugreport/"/>
    <property name="java.io.tmpdir" value="C:\Users\Gint\AppData\Local\Temp\"/>
    <property name="java.version" value="12"/>
    <property name="user.dir" value="C:\Users\Gint\IdeaProjects\Cucumber"/>
    <property name="os.arch" value="amd64"/>
    <property name="java.vm.specification.name" value="Java Virtual Machine Specification"/>
    <property name="sun.os.patch.level" value="Service Pack 1"/>
    <property name="java.library.path" value="C:\Program Files\Java\jdk-12\bin;C:\Windows\Sun\Java\bin;C:\Windows\system32;C:\Windows;C:\Users\Gint\Java\apache-maven-3.6.0-bin\apache-maven-3.6.0\bin;C:\cygwin64\bin;C:\Program Files\Java\jdk-12\bin;C:\ProgramData\Oracle\Java\javapath;C:\Program Files (x86)\NVIDIA Corporation\PhysX\Common;C:\Windows\system32;C:\Windows;C:\Windows\System32\Wbem;C:\Windows\System32\WindowsPowerShell\v1.0\;C:\Program Files\Broadcom\Broadcom 802.11 Network Adapter\Driver;C:\Program Files (x86)\Skype\Phone\;C:\Windows\chromedriver.exe;C:\Program Files\Git\cmd;C:\Program Files (x86)\Toshiba\Bluetooth Toshiba Stack\sys\;C:\Program Files (x86)\Toshiba\Bluetooth Toshiba Stack\sys\x64\;."/>
    <property name="java.vm.info" value="mixed mode, sharing"/>
    <property name="java.vendor" value="Oracle Corporation"/>
    <property name="java.vm.version" value="12+33"/>
    <property name="sun.io.unicode.encoding" value="UnicodeLittle"/>
    <property name="java.class.version" value="56.0"/>
  </properties>
  <testcase name="shouldAnswerWithTrue" classname="Automation.AppTest" time="0.002"/>
</testsuite>